<?xml version="1.0" encoding="UTF-8"?>
<!-- Generated by org.testng.reporters.JUnitReportReporter -->
<testsuite hostname="Hariom" failures="0" tests="5" name="com.LoginScenario.LoginScenarioAmazon" time="124.515" errors="0" timestamp="08 May 2024 09:24:52 GMT" skipped="0">
  <testcase classname="com.LoginScenario.LoginScenarioAmazon" name="testLoginOperation" time="15.882"/>
  <testcase classname="com.LoginScenario.LoginScenarioAmazon" name="searchFunction" time="19.498"/>
  <testcase classname="com.LoginScenario.LoginScenarioAmazon" name="addToCartFunction" time="31.812"/>
  <testcase classname="com.LoginScenario.LoginScenarioAmazon" name="category" time="10.233"/>
  <testcase classname="com.LoginScenario.LoginScenarioAmazon" name="signintopayment" time="47.090"/>
</testsuite> <!-- com.LoginScenario.LoginScenarioAmazon -->
